<?xml version="1.0" encoding="UTF-8"?>
<coverage generated="1630090246180" clover="3.2.0">
  <project timestamp="1630090246180" name="All files">
    <metrics statements="83" coveredstatements="80" conditionals="46" coveredconditionals="42" methods="26" coveredmethods="26" elements="155" coveredelements="148" complexity="0" loc="83" ncloc="83" packages="2" files="6" classes="6"/>
    <package name="src">
      <metrics statements="75" coveredstatements="72" conditionals="46" coveredconditionals="42" methods="26" coveredmethods="26"/>
      <file name="core.js" path="/Users/yotamloewenbach/WebstormProjects/logzio-azure-serverless/src/core.js">
        <metrics statements="21" coveredstatements="19" conditionals="5" coveredconditionals="4" methods="5" coveredmethods="5"/>
        <line num="1" count="1" type="stmt"/>
        <line num="2" count="1" type="stmt"/>
        <line num="5" count="2" type="stmt"/>
        <line num="6" count="1" type="cond" truecount="1" falsecount="1"/>
        <line num="7" count="0" type="stmt"/>
        <line num="8" count="0" type="stmt"/>
        <line num="10" count="1" type="stmt"/>
        <line num="14" count="2" type="stmt"/>
        <line num="25" count="1" type="stmt"/>
        <line num="31" count="2" type="cond" truecount="2" falsecount="0"/>
        <line num="32" count="2" type="stmt"/>
        <line num="33" count="2" type="stmt"/>
        <line num="34" count="2" type="stmt"/>
        <line num="36" count="2" type="stmt"/>
        <line num="47" count="2" type="stmt"/>
        <line num="52" count="2" type="stmt"/>
        <line num="53" count="2" type="stmt"/>
        <line num="54" count="2" type="stmt"/>
        <line num="55" count="2" type="stmt"/>
        <line num="56" count="2" type="stmt"/>
        <line num="59" count="2" type="stmt"/>
      </file>
      <file name="data-parser.js" path="/Users/yotamloewenbach/WebstormProjects/logzio-azure-serverless/src/data-parser.js">
        <metrics statements="48" coveredstatements="47" conditionals="41" coveredconditionals="38" methods="19" coveredmethods="19"/>
        <line num="1" count="265" type="stmt"/>
        <line num="2" count="250" type="cond" truecount="2" falsecount="0"/>
        <line num="3" count="521" type="cond" truecount="3" falsecount="0"/>
        <line num="4" count="526" type="stmt"/>
        <line num="5" count="246" type="cond" truecount="2" falsecount="0"/>
        <line num="6" count="263" type="cond" truecount="6" falsecount="0"/>
        <line num="8" count="1" type="stmt"/>
        <line num="9" count="9" type="cond" truecount="2" falsecount="0"/>
        <line num="10" count="5" type="stmt"/>
        <line num="21" count="7" type="stmt"/>
        <line num="22" count="7" type="stmt"/>
        <line num="23" count="7" type="stmt"/>
        <line num="24" count="7" type="stmt"/>
        <line num="25" count="7" type="stmt"/>
        <line num="29" count="30" type="cond" truecount="2" falsecount="0"/>
        <line num="31" count="28" type="stmt"/>
        <line num="32" count="140" type="stmt"/>
        <line num="33" count="123" type="stmt"/>
        <line num="38" count="28" type="stmt"/>
        <line num="39" count="123" type="cond" truecount="2" falsecount="0"/>
        <line num="42" count="28" type="stmt"/>
        <line num="48" count="3" type="stmt"/>
        <line num="49" count="3" type="cond" truecount="1" falsecount="1"/>
        <line num="51" count="3" type="stmt"/>
        <line num="58" count="3" type="stmt"/>
        <line num="59" count="28" type="cond" truecount="2" falsecount="0"/>
        <line num="60" count="15" type="stmt"/>
        <line num="61" count="13" type="cond" truecount="2" falsecount="0"/>
        <line num="62" count="3" type="stmt"/>
        <line num="64" count="3" type="stmt"/>
        <line num="65" count="12" type="stmt"/>
        <line num="67" count="10" type="cond" truecount="2" falsecount="0"/>
        <line num="68" count="3" type="stmt"/>
        <line num="69" count="7" type="cond" truecount="2" falsecount="0"/>
        <line num="70" count="4" type="stmt"/>
        <line num="73" count="3" type="stmt"/>
        <line num="77" count="9" type="stmt"/>
        <line num="78" count="9" type="cond" truecount="2" falsecount="0"/>
        <line num="84" count="8" type="cond" truecount="2" falsecount="0"/>
        <line num="85" count="4" type="stmt"/>
        <line num="87" count="5" type="stmt"/>
        <line num="92" count="7" type="cond" truecount="1" falsecount="1"/>
        <line num="93" count="7" type="stmt"/>
        <line num="95" count="7" type="cond" truecount="1" falsecount="1"/>
        <line num="96" count="8" type="stmt"/>
        <line num="98" count="0" type="stmt"/>
        <line num="100" count="7" type="stmt"/>
        <line num="104" count="1" type="stmt"/>
      </file>
      <file name="logs-index.js" path="/Users/yotamloewenbach/WebstormProjects/logzio-azure-serverless/src/logs-index.js">
        <metrics statements="3" coveredstatements="3" conditionals="0" coveredconditionals="0" methods="1" coveredmethods="1"/>
        <line num="1" count="1" type="stmt"/>
        <line num="3" count="1" type="stmt"/>
        <line num="4" count="1" type="stmt"/>
      </file>
      <file name="metrics-index.js" path="/Users/yotamloewenbach/WebstormProjects/logzio-azure-serverless/src/metrics-index.js">
        <metrics statements="3" coveredstatements="3" conditionals="0" coveredconditionals="0" methods="1" coveredmethods="1"/>
        <line num="1" count="1" type="stmt"/>
        <line num="3" count="1" type="stmt"/>
        <line num="4" count="1" type="stmt"/>
      </file>
    </package>
    <package name="test">
      <metrics statements="8" coveredstatements="8" conditionals="0" coveredconditionals="0" methods="0" coveredmethods="0"/>
      <file name="test-logs.js" path="/Users/yotamloewenbach/WebstormProjects/logzio-azure-serverless/test/test-logs.js">
        <metrics statements="5" coveredstatements="5" conditionals="0" coveredconditionals="0" methods="0" coveredmethods="0"/>
        <line num="1" count="1" type="stmt"/>
        <line num="3" count="1" type="stmt"/>
        <line num="8" count="1" type="stmt"/>
        <line num="60" count="1" type="stmt"/>
        <line num="98" count="1" type="stmt"/>
      </file>
      <file name="test-metrics.js" path="/Users/yotamloewenbach/WebstormProjects/logzio-azure-serverless/test/test-metrics.js">
        <metrics statements="3" coveredstatements="3" conditionals="0" coveredconditionals="0" methods="0" coveredmethods="0"/>
        <line num="1" count="1" type="stmt"/>
        <line num="13" count="1" type="stmt"/>
        <line num="31" count="1" type="stmt"/>
      </file>
    </package>
  </project>
</coverage>
