{"/Users/yotamloewenbach/WebstormProjects/logzio-azure-serverless/src/core.js": {"path":"/Users/yotamloewenbach/WebstormProjects/logzio-azure-serverless/src/core.js","statementMap":{"0":{"start":{"line":1,"column":15},"end":{"line":1,"column":38}},"1":{"start":{"line":2,"column":19},"end":{"line":2,"column":43}},"2":{"start":{"line":5,"column":2},"end":{"line":11,"column":4}},"3":{"start":{"line":6,"column":4},"end":{"line":9,"column":5}},"4":{"start":{"line":7,"column":6},"end":{"line":7,"column":54}},"5":{"start":{"line":8,"column":6},"end":{"line":8,"column":41}},"6":{"start":{"line":10,"column":4},"end":{"line":10,"column":19}},"7":{"start":{"line":14,"column":25},"end":{"line":23,"column":2}},"8":{"start":{"line":14,"column":32},"end":{"line":23,"column":1}},"9":{"start":{"line":25,"column":0},"end":{"line":60,"column":2}},"10":{"start":{"line":31,"column":6},"end":{"line":31,"column":73}},"11":{"start":{"line":32,"column":2},"end":{"line":32,"column":85}},"12":{"start":{"line":33,"column":2},"end":{"line":33,"column":48}},"13":{"start":{"line":34,"column":27},"end":{"line":34,"column":55}},"14":{"start":{"line":36,"column":24},"end":{"line":45,"column":4}},"15":{"start":{"line":47,"column":21},"end":{"line":50,"column":4}},"16":{"start":{"line":52,"column":29},"end":{"line":52,"column":89}},"17":{"start":{"line":53,"column":2},"end":{"line":53,"column":68}},"18":{"start":{"line":54,"column":2},"end":{"line":57,"column":5}},"19":{"start":{"line":55,"column":4},"end":{"line":55,"column":51}},"20":{"start":{"line":56,"column":4},"end":{"line":56,"column":27}},"21":{"start":{"line":59,"column":2},"end":{"line":59,"column":47}}},"fnMap":{"0":{"name":"getCallBackFunction","decl":{"start":{"line":4,"column":9},"end":{"line":4,"column":28}},"loc":{"start":{"line":4,"column":38},"end":{"line":12,"column":1}},"line":4},"1":{"name":"callback","decl":{"start":{"line":5,"column":18},"end":{"line":5,"column":26}},"loc":{"start":{"line":5,"column":38},"end":{"line":11,"column":3}},"line":5},"2":{"name":"(anonymous_2)","decl":{"start":{"line":14,"column":25},"end":{"line":14,"column":26}},"loc":{"start":{"line":14,"column":32},"end":{"line":23,"column":1}},"line":14},"3":{"name":"processEventHubMessages","decl":{"start":{"line":25,"column":26},"end":{"line":25,"column":49}},"loc":{"start":{"line":27,"column":3},"end":{"line":60,"column":1}},"line":27},"4":{"name":"(anonymous_4)","decl":{"start":{"line":54,"column":29},"end":{"line":54,"column":30}},"loc":{"start":{"line":54,"column":38},"end":{"line":57,"column":3}},"line":54}},"branchMap":{"0":{"loc":{"start":{"line":6,"column":4},"end":{"line":9,"column":5}},"type":"if","locations":[{"start":{"line":6,"column":4},"end":{"line":9,"column":5}},{"start":{"line":6,"column":4},"end":{"line":9,"column":5}}],"line":6},"1":{"loc":{"start":{"line":26,"column":2},"end":{"line":26,"column":22}},"type":"default-arg","locations":[{"start":{"line":26,"column":17},"end":{"line":26,"column":22}}],"line":26},"2":{"loc":{"start":{"line":31,"column":6},"end":{"line":31,"column":73}},"type":"cond-expr","locations":[{"start":{"line":31,"column":21},"end":{"line":31,"column":47}},{"start":{"line":31,"column":50},"end":{"line":31,"column":73}}],"line":31}},"s":{"0":1,"1":1,"2":2,"3":1,"4":0,"5":0,"6":1,"7":1,"8":2,"9":1,"10":2,"11":2,"12":2,"13":2,"14":2,"15":2,"16":2,"17":2,"18":2,"19":2,"20":2,"21":2},"f":{"0":2,"1":1,"2":2,"3":2,"4":2},"b":{"0":[0,1],"1":[1],"2":[1,1]},"_coverageSchema":"1a1c01bbd47fc00a2c39e90264f33305004495a9","hash":"853c5369bb0d248ec8a1913d6a3c6fb5f6480a78"}
,"/Users/yotamloewenbach/WebstormProjects/logzio-azure-serverless/src/data-parser.js": {"path":"/Users/yotamloewenbach/WebstormProjects/logzio-azure-serverless/src/data-parser.js","statementMap":{"0":{"start":{"line":1,"column":16},"end":{"line":1,"column":43}},"1":{"start":{"line":1,"column":23},"end":{"line":1,"column":43}},"2":{"start":{"line":2,"column":21},"end":{"line":2,"column":69}},"3":{"start":{"line":2,"column":29},"end":{"line":2,"column":68}},"4":{"start":{"line":3,"column":14},"end":{"line":3,"column":77}},"5":{"start":{"line":3,"column":22},"end":{"line":3,"column":77}},"6":{"start":{"line":4,"column":16},"end":{"line":4,"column":35}},"7":{"start":{"line":4,"column":24},"end":{"line":4,"column":35}},"8":{"start":{"line":5,"column":19},"end":{"line":5,"column":91}},"9":{"start":{"line":5,"column":27},"end":{"line":5,"column":90}},"10":{"start":{"line":6,"column":19},"end":{"line":7,"column":52}},"11":{"start":{"line":6,"column":29},"end":{"line":7,"column":52}},"12":{"start":{"line":8,"column":21},"end":{"line":14,"column":1}},"13":{"start":{"line":9,"column":2},"end":{"line":13,"column":3}},"14":{"start":{"line":10,"column":4},"end":{"line":12,"column":12}},"15":{"start":{"line":21,"column":4},"end":{"line":21,"column":30}},"16":{"start":{"line":22,"column":4},"end":{"line":22,"column":26}},"17":{"start":{"line":23,"column":4},"end":{"line":23,"column":42}},"18":{"start":{"line":24,"column":4},"end":{"line":24,"column":38}},"19":{"start":{"line":25,"column":4},"end":{"line":25,"column":84}},"20":{"start":{"line":29,"column":4},"end":{"line":29,"column":46}},"21":{"start":{"line":29,"column":35},"end":{"line":29,"column":46}},"22":{"start":{"line":31,"column":21},"end":{"line":35,"column":13}},"23":{"start":{"line":32,"column":19},"end":{"line":32,"column":40}},"24":{"start":{"line":33,"column":26},"end":{"line":35,"column":8}},"25":{"start":{"line":38,"column":4},"end":{"line":40,"column":7}},"26":{"start":{"line":39,"column":6},"end":{"line":39,"column":64}},"27":{"start":{"line":39,"column":43},"end":{"line":39,"column":64}},"28":{"start":{"line":42,"column":4},"end":{"line":42,"column":20}},"29":{"start":{"line":48,"column":8},"end":{"line":48,"column":11}},"30":{"start":{"line":49,"column":4},"end":{"line":49,"column":32}},"31":{"start":{"line":49,"column":21},"end":{"line":49,"column":32}},"32":{"start":{"line":51,"column":22},"end":{"line":56,"column":5}},"33":{"start":{"line":58,"column":4},"end":{"line":72,"column":7}},"34":{"start":{"line":59,"column":6},"end":{"line":71,"column":7}},"35":{"start":{"line":60,"column":8},"end":{"line":60,"column":54}},"36":{"start":{"line":61,"column":13},"end":{"line":71,"column":7}},"37":{"start":{"line":62,"column":25},"end":{"line":62,"column":44}},"38":{"start":{"line":64,"column":8},"end":{"line":66,"column":9}},"39":{"start":{"line":64,"column":21},"end":{"line":64,"column":22}},"40":{"start":{"line":65,"column":10},"end":{"line":65,"column":62}},"41":{"start":{"line":67,"column":13},"end":{"line":71,"column":7}},"42":{"start":{"line":68,"column":8},"end":{"line":68,"column":34}},"43":{"start":{"line":69,"column":13},"end":{"line":71,"column":7}},"44":{"start":{"line":70,"column":8},"end":{"line":70,"column":45}},"45":{"start":{"line":73,"column":4},"end":{"line":73,"column":21}},"46":{"start":{"line":77,"column":4},"end":{"line":77,"column":22}},"47":{"start":{"line":78,"column":4},"end":{"line":80,"column":31}},"48":{"start":{"line":84,"column":4},"end":{"line":88,"column":5}},"49":{"start":{"line":85,"column":6},"end":{"line":85,"column":99}},"50":{"start":{"line":85,"column":36},"end":{"line":85,"column":97}},"51":{"start":{"line":87,"column":6},"end":{"line":87,"column":65}},"52":{"start":{"line":92,"column":4},"end":{"line":92,"column":88}},"53":{"start":{"line":92,"column":32},"end":{"line":92,"column":88}},"54":{"start":{"line":93,"column":4},"end":{"line":93,"column":25}},"55":{"start":{"line":95,"column":4},"end":{"line":99,"column":5}},"56":{"start":{"line":96,"column":6},"end":{"line":96,"column":61}},"57":{"start":{"line":96,"column":37},"end":{"line":96,"column":59}},"58":{"start":{"line":98,"column":6},"end":{"line":98,"column":41}},"59":{"start":{"line":100,"column":4},"end":{"line":100,"column":32}},"60":{"start":{"line":104,"column":0},"end":{"line":104,"column":28}}},"fnMap":{"0":{"name":"(anonymous_0)","decl":{"start":{"line":1,"column":16},"end":{"line":1,"column":17}},"loc":{"start":{"line":1,"column":23},"end":{"line":1,"column":43}},"line":1},"1":{"name":"(anonymous_1)","decl":{"start":{"line":2,"column":21},"end":{"line":2,"column":22}},"loc":{"start":{"line":2,"column":29},"end":{"line":2,"column":68}},"line":2},"2":{"name":"(anonymous_2)","decl":{"start":{"line":3,"column":14},"end":{"line":3,"column":15}},"loc":{"start":{"line":3,"column":22},"end":{"line":3,"column":77}},"line":3},"3":{"name":"(anonymous_3)","decl":{"start":{"line":4,"column":16},"end":{"line":4,"column":17}},"loc":{"start":{"line":4,"column":24},"end":{"line":4,"column":35}},"line":4},"4":{"name":"(anonymous_4)","decl":{"start":{"line":5,"column":19},"end":{"line":5,"column":20}},"loc":{"start":{"line":5,"column":27},"end":{"line":5,"column":90}},"line":5},"5":{"name":"(anonymous_5)","decl":{"start":{"line":6,"column":19},"end":{"line":6,"column":20}},"loc":{"start":{"line":6,"column":29},"end":{"line":7,"column":52}},"line":6},"6":{"name":"(anonymous_6)","decl":{"start":{"line":8,"column":21},"end":{"line":8,"column":22}},"loc":{"start":{"line":8,"column":30},"end":{"line":14,"column":1}},"line":8},"7":{"name":"(anonymous_7)","decl":{"start":{"line":17,"column":2},"end":{"line":17,"column":3}},"loc":{"start":{"line":20,"column":5},"end":{"line":26,"column":3}},"line":20},"8":{"name":"(anonymous_8)","decl":{"start":{"line":28,"column":2},"end":{"line":28,"column":3}},"loc":{"start":{"line":28,"column":20},"end":{"line":43,"column":3}},"line":28},"9":{"name":"(anonymous_9)","decl":{"start":{"line":32,"column":14},"end":{"line":32,"column":15}},"loc":{"start":{"line":32,"column":19},"end":{"line":32,"column":40}},"line":32},"10":{"name":"(anonymous_10)","decl":{"start":{"line":33,"column":14},"end":{"line":33,"column":15}},"loc":{"start":{"line":33,"column":26},"end":{"line":35,"column":8}},"line":33},"11":{"name":"(anonymous_11)","decl":{"start":{"line":38,"column":34},"end":{"line":38,"column":35}},"loc":{"start":{"line":38,"column":43},"end":{"line":40,"column":5}},"line":38},"12":{"name":"(anonymous_12)","decl":{"start":{"line":45,"column":2},"end":{"line":45,"column":3}},"loc":{"start":{"line":45,"column":25},"end":{"line":74,"column":3}},"line":45},"13":{"name":"(anonymous_13)","decl":{"start":{"line":58,"column":29},"end":{"line":58,"column":30}},"loc":{"start":{"line":58,"column":38},"end":{"line":72,"column":5}},"line":58},"14":{"name":"(anonymous_14)","decl":{"start":{"line":76,"column":2},"end":{"line":76,"column":3}},"loc":{"start":{"line":76,"column":29},"end":{"line":81,"column":3}},"line":76},"15":{"name":"(anonymous_15)","decl":{"start":{"line":83,"column":2},"end":{"line":83,"column":3}},"loc":{"start":{"line":83,"column":20},"end":{"line":89,"column":3}},"line":83},"16":{"name":"(anonymous_16)","decl":{"start":{"line":85,"column":26},"end":{"line":85,"column":27}},"loc":{"start":{"line":85,"column":36},"end":{"line":85,"column":97}},"line":85},"17":{"name":"(anonymous_17)","decl":{"start":{"line":91,"column":2},"end":{"line":91,"column":3}},"loc":{"start":{"line":91,"column":51},"end":{"line":101,"column":3}},"line":91},"18":{"name":"(anonymous_18)","decl":{"start":{"line":96,"column":30},"end":{"line":96,"column":31}},"loc":{"start":{"line":96,"column":37},"end":{"line":96,"column":59}},"line":96}},"branchMap":{"0":{"loc":{"start":{"line":2,"column":29},"end":{"line":2,"column":68}},"type":"cond-expr","locations":[{"start":{"line":2,"column":44},"end":{"line":2,"column":60}},{"start":{"line":2,"column":63},"end":{"line":2,"column":68}}],"line":2},"1":{"loc":{"start":{"line":3,"column":22},"end":{"line":3,"column":77}},"type":"binary-expr","locations":[{"start":{"line":3,"column":22},"end":{"line":3,"column":34}},{"start":{"line":3,"column":38},"end":{"line":3,"column":53}},{"start":{"line":3,"column":57},"end":{"line":3,"column":77}}],"line":3},"2":{"loc":{"start":{"line":5,"column":27},"end":{"line":5,"column":90}},"type":"cond-expr","locations":[{"start":{"line":5,"column":53},"end":{"line":5,"column":82}},{"start":{"line":5,"column":85},"end":{"line":5,"column":90}}],"line":5},"3":{"loc":{"start":{"line":6,"column":29},"end":{"line":7,"column":52}},"type":"binary-expr","locations":[{"start":{"line":6,"column":29},"end":{"line":6,"column":40}},{"start":{"line":6,"column":44},"end":{"line":6,"column":53}},{"start":{"line":6,"column":57},"end":{"line":6,"column":68}},{"start":{"line":7,"column":5},"end":{"line":7,"column":14}},{"start":{"line":7,"column":18},"end":{"line":7,"column":34}},{"start":{"line":7,"column":38},"end":{"line":7,"column":52}}],"line":6},"4":{"loc":{"start":{"line":9,"column":2},"end":{"line":13,"column":3}},"type":"if","locations":[{"start":{"line":9,"column":2},"end":{"line":13,"column":3}},{"start":{"line":9,"column":2},"end":{"line":13,"column":3}}],"line":9},"5":{"loc":{"start":{"line":18,"column":4},"end":{"line":18,"column":35}},"type":"default-arg","locations":[{"start":{"line":18,"column":21},"end":{"line":18,"column":35}}],"line":18},"6":{"loc":{"start":{"line":19,"column":4},"end":{"line":19,"column":24}},"type":"default-arg","locations":[{"start":{"line":19,"column":19},"end":{"line":19,"column":24}}],"line":19},"7":{"loc":{"start":{"line":29,"column":4},"end":{"line":29,"column":46}},"type":"if","locations":[{"start":{"line":29,"column":4},"end":{"line":29,"column":46}},{"start":{"line":29,"column":4},"end":{"line":29,"column":46}}],"line":29},"8":{"loc":{"start":{"line":34,"column":13},"end":{"line":34,"column":76}},"type":"cond-expr","locations":[{"start":{"line":34,"column":42},"end":{"line":34,"column":67}},{"start":{"line":34,"column":70},"end":{"line":34,"column":76}}],"line":34},"9":{"loc":{"start":{"line":39,"column":6},"end":{"line":39,"column":64}},"type":"if","locations":[{"start":{"line":39,"column":6},"end":{"line":39,"column":64}},{"start":{"line":39,"column":6},"end":{"line":39,"column":64}}],"line":39},"10":{"loc":{"start":{"line":49,"column":4},"end":{"line":49,"column":32}},"type":"if","locations":[{"start":{"line":49,"column":4},"end":{"line":49,"column":32}},{"start":{"line":49,"column":4},"end":{"line":49,"column":32}}],"line":49},"11":{"loc":{"start":{"line":59,"column":6},"end":{"line":71,"column":7}},"type":"if","locations":[{"start":{"line":59,"column":6},"end":{"line":71,"column":7}},{"start":{"line":59,"column":6},"end":{"line":71,"column":7}}],"line":59},"12":{"loc":{"start":{"line":61,"column":13},"end":{"line":71,"column":7}},"type":"if","locations":[{"start":{"line":61,"column":13},"end":{"line":71,"column":7}},{"start":{"line":61,"column":13},"end":{"line":71,"column":7}}],"line":61},"13":{"loc":{"start":{"line":67,"column":13},"end":{"line":71,"column":7}},"type":"if","locations":[{"start":{"line":67,"column":13},"end":{"line":71,"column":7}},{"start":{"line":67,"column":13},"end":{"line":71,"column":7}}],"line":67},"14":{"loc":{"start":{"line":69,"column":13},"end":{"line":71,"column":7}},"type":"if","locations":[{"start":{"line":69,"column":13},"end":{"line":71,"column":7}},{"start":{"line":69,"column":13},"end":{"line":71,"column":7}}],"line":69},"15":{"loc":{"start":{"line":78,"column":11},"end":{"line":80,"column":30}},"type":"cond-expr","locations":[{"start":{"line":79,"column":8},"end":{"line":79,"column":54}},{"start":{"line":80,"column":8},"end":{"line":80,"column":30}}],"line":78},"16":{"loc":{"start":{"line":84,"column":4},"end":{"line":88,"column":5}},"type":"if","locations":[{"start":{"line":84,"column":4},"end":{"line":88,"column":5}},{"start":{"line":84,"column":4},"end":{"line":88,"column":5}}],"line":84},"17":{"loc":{"start":{"line":92,"column":4},"end":{"line":92,"column":88}},"type":"if","locations":[{"start":{"line":92,"column":4},"end":{"line":92,"column":88}},{"start":{"line":92,"column":4},"end":{"line":92,"column":88}}],"line":92},"18":{"loc":{"start":{"line":95,"column":4},"end":{"line":99,"column":5}},"type":"if","locations":[{"start":{"line":95,"column":4},"end":{"line":99,"column":5}},{"start":{"line":95,"column":4},"end":{"line":99,"column":5}}],"line":95}},"s":{"0":1,"1":265,"2":1,"3":250,"4":1,"5":521,"6":1,"7":526,"8":1,"9":246,"10":1,"11":263,"12":1,"13":9,"14":5,"15":7,"16":7,"17":7,"18":7,"19":7,"20":30,"21":2,"22":28,"23":140,"24":123,"25":28,"26":123,"27":1,"28":28,"29":3,"30":3,"31":0,"32":3,"33":3,"34":28,"35":15,"36":13,"37":3,"38":3,"39":3,"40":12,"41":10,"42":3,"43":7,"44":4,"45":3,"46":9,"47":9,"48":8,"49":3,"50":4,"51":5,"52":7,"53":0,"54":7,"55":7,"56":7,"57":8,"58":0,"59":7,"60":1},"f":{"0":265,"1":250,"2":521,"3":526,"4":246,"5":263,"6":9,"7":7,"8":30,"9":140,"10":123,"11":123,"12":3,"13":28,"14":9,"15":8,"16":4,"17":7,"18":8},"b":{"0":[8,242],"1":[521,513,513],"2":[42,204],"3":[263,263,263,258,250,246],"4":[5,4],"5":[3],"6":[3],"7":[2,28],"8":[21,102],"9":[1,122],"10":[0,3],"11":[15,13],"12":[3,10],"13":[3,7],"14":[4,3],"15":[3,6],"16":[3,5],"17":[0,7],"18":[7,0]},"_coverageSchema":"1a1c01bbd47fc00a2c39e90264f33305004495a9","hash":"0083486fe28860ea050058b9a1a4e5c59aad5d2b"}
,"/Users/yotamloewenbach/WebstormProjects/logzio-azure-serverless/src/logs-index.js": {"path":"/Users/yotamloewenbach/WebstormProjects/logzio-azure-serverless/src/logs-index.js","statementMap":{"0":{"start":{"line":1,"column":22},"end":{"line":1,"column":39}},"1":{"start":{"line":3,"column":0},"end":{"line":5,"column":2}},"2":{"start":{"line":4,"column":2},"end":{"line":4,"column":47}}},"fnMap":{"0":{"name":"processEventHubMessages","decl":{"start":{"line":3,"column":26},"end":{"line":3,"column":49}},"loc":{"start":{"line":3,"column":77},"end":{"line":5,"column":1}},"line":3}},"branchMap":{},"s":{"0":1,"1":1,"2":1},"f":{"0":1},"b":{},"_coverageSchema":"1a1c01bbd47fc00a2c39e90264f33305004495a9","hash":"a9a532f9e513bfd5b3c9b569258ebf6293a83fd9"}
,"/Users/yotamloewenbach/WebstormProjects/logzio-azure-serverless/src/metrics-index.js": {"path":"/Users/yotamloewenbach/WebstormProjects/logzio-azure-serverless/src/metrics-index.js","statementMap":{"0":{"start":{"line":1,"column":25},"end":{"line":1,"column":42}},"1":{"start":{"line":3,"column":0},"end":{"line":7,"column":2}},"2":{"start":{"line":4,"column":2},"end":{"line":6,"column":5}}},"fnMap":{"0":{"name":"processEventHubMessages","decl":{"start":{"line":3,"column":26},"end":{"line":3,"column":49}},"loc":{"start":{"line":3,"column":77},"end":{"line":7,"column":1}},"line":3}},"branchMap":{},"s":{"0":1,"1":1,"2":1},"f":{"0":1},"b":{},"_coverageSchema":"1a1c01bbd47fc00a2c39e90264f33305004495a9","hash":"c29a8ebfca29811b4b1d9670debdf4157c4ec55d"}
,"/Users/yotamloewenbach/WebstormProjects/logzio-azure-serverless/test/test-logs.js": {"path":"/Users/yotamloewenbach/WebstormProjects/logzio-azure-serverless/test/test-logs.js","statementMap":{"0":{"start":{"line":1,"column":24},"end":{"line":1,"column":30}},"1":{"start":{"line":3,"column":22},"end":{"line":6,"column":2}},"2":{"start":{"line":8,"column":18},"end":{"line":58,"column":1}},"3":{"start":{"line":60,"column":44},"end":{"line":96,"column":1}},"4":{"start":{"line":98,"column":0},"end":{"line":103,"column":2}}},"fnMap":{},"branchMap":{},"s":{"0":1,"1":1,"2":1,"3":1,"4":1},"f":{},"b":{},"_coverageSchema":"1a1c01bbd47fc00a2c39e90264f33305004495a9","hash":"cf76028207a5092dcd72eb5dc21b56db11e9efd3"}
,"/Users/yotamloewenbach/WebstormProjects/logzio-azure-serverless/test/test-metrics.js": {"path":"/Users/yotamloewenbach/WebstormProjects/logzio-azure-serverless/test/test-metrics.js","statementMap":{"0":{"start":{"line":1,"column":21},"end":{"line":11,"column":1}},"1":{"start":{"line":13,"column":22},"end":{"line":29,"column":1}},"2":{"start":{"line":31,"column":0},"end":{"line":34,"column":2}}},"fnMap":{},"branchMap":{},"s":{"0":1,"1":1,"2":1},"f":{},"b":{},"_coverageSchema":"1a1c01bbd47fc00a2c39e90264f33305004495a9","hash":"9056a8b1816fc194ed26023232fbc922efee2782"}
}
