TN:
SF:src/core.js
FN:4,getCallBackFunction
FN:5,callback
FN:14,(anonymous_2)
FN:25,processEventHubMessages
FN:54,(anonymous_4)
FNF:5
FNH:5
FNDA:2,getCallBackFunction
FNDA:1,callback
FNDA:2,(anonymous_2)
FNDA:2,processEventHubMessages
FNDA:2,(anonymous_4)
DA:1,1
DA:2,1
DA:5,2
DA:6,1
DA:7,0
DA:8,0
DA:10,1
DA:14,2
DA:25,1
DA:31,2
DA:32,2
DA:33,2
DA:34,2
DA:36,2
DA:47,2
DA:52,2
DA:53,2
DA:54,2
DA:55,2
DA:56,2
DA:59,2
LF:21
LH:19
BRDA:6,0,0,0
BRDA:6,0,1,1
BRDA:26,1,0,1
BRDA:31,2,0,1
BRDA:31,2,1,1
BRF:5
BRH:4
end_of_record
TN:
SF:src/data-parser.js
FN:1,(anonymous_0)
FN:2,(anonymous_1)
FN:3,(anonymous_2)
FN:4,(anonymous_3)
FN:5,(anonymous_4)
FN:6,(anonymous_5)
FN:8,(anonymous_6)
FN:17,(anonymous_7)
FN:28,(anonymous_8)
FN:32,(anonymous_9)
FN:33,(anonymous_10)
FN:38,(anonymous_11)
FN:45,(anonymous_12)
FN:58,(anonymous_13)
FN:76,(anonymous_14)
FN:83,(anonymous_15)
FN:85,(anonymous_16)
FN:91,(anonymous_17)
FN:96,(anonymous_18)
FNF:19
FNH:19
FNDA:265,(anonymous_0)
FNDA:250,(anonymous_1)
FNDA:521,(anonymous_2)
FNDA:526,(anonymous_3)
FNDA:246,(anonymous_4)
FNDA:263,(anonymous_5)
FNDA:9,(anonymous_6)
FNDA:7,(anonymous_7)
FNDA:30,(anonymous_8)
FNDA:140,(anonymous_9)
FNDA:123,(anonymous_10)
FNDA:123,(anonymous_11)
FNDA:3,(anonymous_12)
FNDA:28,(anonymous_13)
FNDA:9,(anonymous_14)
FNDA:8,(anonymous_15)
FNDA:4,(anonymous_16)
FNDA:7,(anonymous_17)
FNDA:8,(anonymous_18)
DA:1,265
DA:2,250
DA:3,521
DA:4,526
DA:5,246
DA:6,263
DA:8,1
DA:9,9
DA:10,5
DA:21,7
DA:22,7
DA:23,7
DA:24,7
DA:25,7
DA:29,30
DA:31,28
DA:32,140
DA:33,123
DA:38,28
DA:39,123
DA:42,28
DA:48,3
DA:49,3
DA:51,3
DA:58,3
DA:59,28
DA:60,15
DA:61,13
DA:62,3
DA:64,3
DA:65,12
DA:67,10
DA:68,3
DA:69,7
DA:70,4
DA:73,3
DA:77,9
DA:78,9
DA:84,8
DA:85,4
DA:87,5
DA:92,7
DA:93,7
DA:95,7
DA:96,8
DA:98,0
DA:100,7
DA:104,1
LF:48
LH:47
BRDA:2,0,0,8
BRDA:2,0,1,242
BRDA:3,1,0,521
BRDA:3,1,1,513
BRDA:3,1,2,513
BRDA:5,2,0,42
BRDA:5,2,1,204
BRDA:6,3,0,263
BRDA:6,3,1,263
BRDA:6,3,2,263
BRDA:6,3,3,258
BRDA:6,3,4,250
BRDA:6,3,5,246
BRDA:9,4,0,5
BRDA:9,4,1,4
BRDA:18,5,0,3
BRDA:19,6,0,3
BRDA:29,7,0,2
BRDA:29,7,1,28
BRDA:34,8,0,21
BRDA:34,8,1,102
BRDA:39,9,0,1
BRDA:39,9,1,122
BRDA:49,10,0,0
BRDA:49,10,1,3
BRDA:59,11,0,15
BRDA:59,11,1,13
BRDA:61,12,0,3
BRDA:61,12,1,10
BRDA:67,13,0,3
BRDA:67,13,1,7
BRDA:69,14,0,4
BRDA:69,14,1,3
BRDA:78,15,0,3
BRDA:78,15,1,6
BRDA:84,16,0,3
BRDA:84,16,1,5
BRDA:92,17,0,0
BRDA:92,17,1,7
BRDA:95,18,0,7
BRDA:95,18,1,0
BRF:41
BRH:38
end_of_record
TN:
SF:src/logs-index.js
FN:3,processEventHubMessages
FNF:1
FNH:1
FNDA:1,processEventHubMessages
DA:1,1
DA:3,1
DA:4,1
LF:3
LH:3
BRF:0
BRH:0
end_of_record
TN:
SF:src/metrics-index.js
FN:3,processEventHubMessages
FNF:1
FNH:1
FNDA:1,processEventHubMessages
DA:1,1
DA:3,1
DA:4,1
LF:3
LH:3
BRF:0
BRH:0
end_of_record
TN:
SF:test/test-logs.js
FNF:0
FNH:0
DA:1,1
DA:3,1
DA:8,1
DA:60,1
DA:98,1
LF:5
LH:5
BRF:0
BRH:0
end_of_record
TN:
SF:test/test-metrics.js
FNF:0
FNH:0
DA:1,1
DA:13,1
DA:31,1
LF:3
LH:3
BRF:0
BRH:0
end_of_record
